[INFO]  [GE]: Change state to: "game". 
[INFO]  [game]: Start init. 
[INFO]  [DL]: Loading data groups: gameObjects, globalStructured, parents, textures, animations. 
[INFO]  [DL]: Data group already loaded: globalStructured. 
[INFO]  [DL]: Loading data group: textures. 
[INFO]  [DLF]: Loading file: texturePacks/default/textures/player.org//hat.pic: table: 0x7fe1850d4f80 
[INFO]  [DLF]: Loading file: texturePacks/default/textures/player.org//arm3.pic: table: 0x7fe1840f88f0 
[INFO]  [DLF]: Loading file: texturePacks/default/textures/player.org//body.pic: table: 0x7fe18c027800 
[INFO]  [DLF]: Loading file: texturePacks/default/textures/player.org//arm1.pic: table: 0x7fe18c8ca190 
[INFO]  [DLF]: Loading file: texturePacks/default/textures/player.org//arm2.pic: table: 0x7fe18c093090 
[INFO]  [DLF]: Loading file: texturePacks/default/textures/player.org//legs//4.pic: table: 0x7fe18c527410 
[INFO]  [DLF]: Loading file: texturePacks/default/textures/player.org//legs//1.pic: table: 0x7fe18ce450d0 
[INFO]  [DLF]: Loading file: texturePacks/default/textures/player.org//legs//2.pic: table: 0x7fe188016b20 
[INFO]  [DLF]: Loading file: texturePacks/default/textures/player.org//legs//3.pic: table: 0x7fe1890d5ae0 
[INFO]  [DLF]: Loading file: texturePacks/default/textures/arm1.pic: table: 0x7fe184112b20 
[INFO]  [DLF]: Loading file: texturePacks/default/textures/player1//hat.pic: table: 0x7fe18441b3b0 
[INFO]  [DLF]: Loading file: texturePacks/default/textures/player1//arm3.pic: table: 0x7fe1843407a0 
[INFO]  [DLF]: Loading file: texturePacks/default/textures/player1//head1.pic: table: 0x7fe18c8c2d00 
[INFO]  [DLF]: Loading file: texturePacks/default/textures/player1//arm2.pic: table: 0x7fe18c206910 
[INFO]  [DLF]: Loading file: texturePacks/default/textures/player1//head-hit.pic: table: 0x7fe18c657f40 
[INFO]  [DLF]: Loading file: texturePacks/default/textures/player1//body.pic: table: 0x7fe18cc9e310 
[INFO]  [DLF]: Loading file: texturePacks/default/textures/player1//head3.pic: table: 0x7fe18c849d60 
[INFO]  [DLF]: Loading file: texturePacks/default/textures/player1//head-normal.pic: table: 0x7fe1889c0320 
[INFO]  [DLF]: Loading file: texturePacks/default/textures/player1//head-dead.pic: table: 0x7fe188634130 
[INFO]  [DLF]: Loading file: texturePacks/default/textures/player1//arm1.pic: table: 0x7fe1889eaff0 
[INFO]  [DLF]: Loading file: texturePacks/default/textures/player1//head2.pic: table: 0x7fe184718e20 
[INFO]  [DLF]: Loading file: texturePacks/default/textures/player1//legs//4.pic: table: 0x7fe19893cb60 
[INFO]  [DLF]: Loading file: texturePacks/default/textures/player1//legs//1.pic: table: 0x7fe199306910 
[INFO]  [DLF]: Loading file: texturePacks/default/textures/player1//legs//2.pic: table: 0x7fe184a51e70 
[INFO]  [DLF]: Loading file: texturePacks/default/textures/player1//legs//3.pic: table: 0x7fe184f33400 
[INFO]  [DLF]: Loading file: texturePacks/default/textures/player//hat.pic: table: 0x7fe1980352e0 
[INFO]  [DLF]: Loading file: texturePacks/default/textures/player//body.pic: table: 0x7fe1980e6d10 
[INFO]  [DLF]: Loading file: texturePacks/default/textures/player//arm1.pic: table: 0x7fe1844d5460 
[INFO]  [DLF]: Loading file: texturePacks/default/textures/player//arm3.pic: table: 0x7fe18503af70 
[INFO]  [DLF]: Loading file: texturePacks/default/textures/player//head3.pic: table: 0x7fe1848f9bd0 
[INFO]  [DLF]: Loading file: texturePacks/default/textures/player//head1.pic: table: 0x7fe18402dc30 
[INFO]  [DLF]: Loading file: texturePacks/default/textures/player//head2.pic: table: 0x7fe1845df7a0 
[INFO]  [DLF]: Loading file: texturePacks/default/textures/player//arm2.pic: table: 0x7fe1846ed9a0 
[INFO]  [DLF]: Loading file: texturePacks/default/textures/player1_trans//hat.pic: table: 0x7fe188719fe0 
[INFO]  [DLF]: Loading file: texturePacks/default/textures/player1_trans//arm3.pic: table: 0x7fe1890d0ac0 
[INFO]  [DLF]: Loading file: texturePacks/default/textures/player1_trans//head1.pic: table: 0x7fe18861e300 
[INFO]  [DLF]: Loading file: texturePacks/default/textures/player1_trans//arm2.pic: table: 0x7fe188766740 
[INFO]  [DLF]: Loading file: texturePacks/default/textures/player1_trans//body.pic: table: 0x7fe198529cc0 
[INFO]  [DLF]: Loading file: texturePacks/default/textures/player1_trans//head3.pic: table: 0x7fe199290050 
[INFO]  [DLF]: Loading file: texturePacks/default/textures/player1_trans//arm1.pic: table: 0x7fe1989de5a0 
[INFO]  [DLF]: Loading file: texturePacks/default/textures/player1_trans//head2.pic: table: 0x7fe1844d2af0 
[INFO]  [DLF]: Loading file: texturePacks/default/textures/player1_trans//legs//4.pic: table: 0x7fe1992a4a20 
[INFO]  [DLF]: Loading file: texturePacks/default/textures/player1_trans//legs//1.pic: table: 0x7fe19914be60 
[INFO]  [DLF]: Loading file: texturePacks/default/textures/player1_trans//legs//2.pic: table: 0x7fe184042e90 
[INFO]  [DLF]: Loading file: texturePacks/default/textures/player1_trans//legs//3.pic: table: 0x7fe1845d4340 
[INFO]  [DLF]: Loading file: texturePacks/default/textures/background.pic: table: 0x7fe1890e0c90 
[INFO]  [DL]: Loading data group: animations. 
[INFO]  [DLF]: Loading file: texturePacks/default/animations/legs/: table: 0x7fe18ccac7a0 
[INFO]  [DL]: Loading data group: parents. 
[INFO]  [DLF]: Loading file: data/parents/nge//Particle.lua: function: 0x7fe18c9ddf90 
[INFO]  [DLF]: Loading file: data/parents/nge//UiContainer.lua: function: 0x7fe1992c7d00 
[INFO]  [DLF]: Loading file: data/parents/nge//ParticleContainer.lua: function: 0x7fe1841151a0 
[INFO]  [DL]: Loading data group: gameObjects. 
[INFO]  [DLF]: Loading file: data/gameObjects/Background.lua: function: 0x7fe1845cda30 
[INFO]  [DLF]: Loading file: data/gameObjects/DefaultParticleContainer.lua: function: 0x7fe1881d0a90 
[INFO]  [DLF]: Loading file: data/gameObjects/Player.lua: function: 0x7fe18c241a80 
[INFO]  [DLF]: Loading file: data/gameObjects/BloodContainer.lua: function: 0x7fe188a403f0 
[INFO]  [DLF]: Loading file: data/gameObjects/particles//Fire.lua: function: 0x7fe18c0a2790 
[INFO]  [DLF]: Loading file: data/gameObjects/particles//Blood.lua: function: 0x7fe19810bd00 
[INFO]  [DLF]: Loading file: data/gameObjects/particles//Smoke.lua: function: 0x7fe19853bd90 
[INFO]  [DLF]: Loading file: data/gameObjects/particles//Dust.lua: function: 0x7fe18c9e0c40 
[INFO]  [DLF]: Loading file: data/gameObjects/BloodJet.lua: function: 0x7fe1986179c0 
[INFO]  1 table: 0x7fe198d44e30 
[INFO]  2 table: 0x7fe199313f00 
[INFO]  3 table: 0x7fe18410ca30 
[INFO]  4 table: 0x7fe1992e5df0 
[INFO]  --========== RELOAD STAGE ==========-- 
[INFO]  [DL]: Loading data groups: conf. 
[INFO]  [DL]: Loading data groups: gameObjects, conf, parents, reload. 
[INFO]  [DL]: Reloading data group: parents. 
[INFO]  [DLF]: Reloading file: data/parents/nge//Particle.lua: function: 0x7fe18c850250 
[INFO]  [DLF]: Reloading file: data/parents/nge//UiContainer.lua: function: 0x7fe1882a6e30 
[INFO]  [DLF]: Reloading file: data/parents/nge//ParticleContainer.lua: function: 0x7fe18809aef0 
[INFO]  [DL]: Reloading data group: gameObjects. 
[INFO]  [DLF]: Reloading file: data/gameObjects/Background.lua: function: 0x7fe1843ea850 
[INFO]  [DLF]: Reloading file: data/gameObjects/DefaultParticleContainer.lua: function: 0x7fe198396860 
[INFO]  [DLF]: Reloading file: data/gameObjects/Player.lua: function: 0x7fe198596540 
[INFO]  [DLF]: Reloading file: data/gameObjects/BloodContainer.lua: function: 0x7fe198065720 
[INFO]  [DLF]: Reloading file: data/gameObjects/particles//Fire.lua: function: 0x7fe18448add0 
[INFO]  [DLF]: Reloading file: data/gameObjects/particles//Blood.lua: function: 0x7fe18c1dcba0 
[INFO]  [DLF]: Reloading file: data/gameObjects/particles//Smoke.lua: function: 0x7fe18c04bd80 
[INFO]  [DLF]: Reloading file: data/gameObjects/particles//Dust.lua: function: 0x7fe18c420b10 
[INFO]  [DLF]: Reloading file: data/gameObjects/BloodJet.lua: function: 0x7fe18c0a2650 
[INFO]  [game]: Start init. 
[INFO]  [DL]: Loading data groups: gameObjects, globalStructured, parents, textures, animations. 
[INFO]  [DL]: Data group already loaded: globalStructured. 
[INFO]  [DL]: Data group already loaded: textures. 
[INFO]  [DL]: Data group already loaded: animations. 
[INFO]  [DL]: Data group already loaded: parents. 
[INFO]  [DL]: Data group already loaded: gameObjects. 
[INFO]  1 table: 0x7fe198d44e30 
[INFO]  2 table: 0x7fe199313f00 
[INFO]  3 table: 0x7fe18410ca30 
[INFO]  4 table: 0x7fe1992e5df0 
